<?xml version="1.0" encoding="UTF-8"?>
<!-- Generated by org.testng.reporters.JUnitXMLReporter -->
<testsuite hostname="AK" ignored="1" name="hotelboooking" tests="5" failures="0" timestamp="2022-10-02T08:44:56 IST" time="17.692" errors="0">
  <testcase name="loginpage_Details" time="1.778" classname="hotelbookingrunnerclass.Runnerclass"/>
  <testcase name="searchpage_Details" time="1.486" classname="hotelbookingrunnerclass.Runnerclass"/>
  <testcase name="selectpage_Details" time="1.017" classname="hotelbookingrunnerclass.Runnerclass"/>
  <testcase name="bookingpage_Details" time="8.239" classname="hotelbookingrunnerclass.Runnerclass"/>
  <testcase name="logoutpage_Details" time="0.544" classname="hotelbookingrunnerclass.Runnerclass"/>
  <testcase name="dummy_Method" time="0.0" classname="hotelbookingrunnerclass.Runnerclass">
    <ignored/>
  </testcase> <!-- dummy_Method -->
</testsuite> <!-- hotelboooking -->
